D:\OBJC\RELEASE\BIN\OBJC.PLW
D:\objc\Release\lib\objc.exp
D:\objc\Release\lib\objc.lib
D:\OBJC\RELEASE\OBJ\OBJC\LOGGING.OBJ
D:\OBJC\RELEASE\OBJ\OBJC\OBJ_VALID_EA.OBJ
D:\OBJC\RELEASE\OBJ\OBJC\OBJC.PLW.INTERMEDIATE.MANIFEST
D:\OBJC\RELEASE\OBJ\OBJC\OBJC_RESTORE.OBJ
D:\OBJC\RELEASE\OBJ\OBJC\OBJC_STRING.OBJ
D:\OBJC\RELEASE\OBJ\OBJC\PLUGIN_MAIN.OBJ
D:\OBJC\RELEASE\OBJ\OBJC\VC100.PDB
D:\OBJC_PLW\RELEASE\BIN\OBJC.PLW
D:\objc_plw\Release\lib\objc.exp
D:\objc_plw\Release\lib\objc.lib
D:\objc_plw\Release\obj\objc\cl.command.1.tlog
D:\objc_plw\Release\obj\objc\CL.read.1.tlog
D:\objc_plw\Release\obj\objc\CL.write.1.tlog
D:\objc_plw\Release\obj\objc\link.command.1.tlog
D:\objc_plw\Release\obj\objc\link.read.1.tlog
D:\objc_plw\Release\obj\objc\link.write.1.tlog
D:\OBJC_PLW\RELEASE\OBJ\OBJC\LOGGING.OBJ
D:\objc_plw\Release\obj\objc\mt.command.1.tlog
D:\objc_plw\Release\obj\objc\mt.read.1.tlog
D:\objc_plw\Release\obj\objc\mt.write.1.tlog
D:\OBJC_PLW\RELEASE\OBJ\OBJC\OBJ_VALID_EA.OBJ
D:\OBJC_PLW\RELEASE\OBJ\OBJC\OBJC.PLW.INTERMEDIATE.MANIFEST
D:\objc_plw\Release\obj\objc\objc.vcxprojResolveAssemblyReference.cache
D:\objc_plw\Release\obj\objc\objc.write.1.tlog
D:\OBJC_PLW\RELEASE\OBJ\OBJC\OBJC_RESTORE.OBJ
D:\OBJC_PLW\RELEASE\OBJ\OBJC\OBJC_STRING.OBJ
D:\OBJC_PLW\RELEASE\OBJ\OBJC\PLUGIN_MAIN.OBJ
D:\OBJC_PLW\RELEASE\OBJ\OBJC\VC100.PDB
